<?xml version="1.0" encoding="UTF-8"?>
<testsuite xmlns:xsi="http://www.w3.org/2001/XMLSchema-instance" xsi:noNamespaceSchemaLocation="https://maven.apache.org/surefire/maven-surefire-plugin/xsd/surefire-test-report.xsd" name="com.kewei.ManagerApplicationTests" time="29.265" tests="4" errors="0" skipped="0" failures="0">
  <properties>
    <property name="sun.desktop" value="windows"/>
    <property name="awt.toolkit" value="sun.awt.windows.WToolkit"/>
    <property name="file.encoding.pkg" value="sun.io"/>
    <property name="java.specification.version" value="1.8"/>
    <property name="sun.cpu.isalist" value="amd64"/>
    <property name="sun.jnu.encoding" value="GBK"/>
    <property name="java.class.path" value="F:\Intellij IDEA-WorkSpace\springboot-layui-master\target\test-classes;F:\Intellij IDEA-WorkSpace\springboot-layui-master\target\classes;D:\maven-repository\org\springframework\boot\spring-boot-starter-web\2.1.0.RELEASE\spring-boot-starter-web-2.1.0.RELEASE.jar;D:\maven-repository\org\springframework\boot\spring-boot-starter\2.1.0.RELEASE\spring-boot-starter-2.1.0.RELEASE.jar;D:\maven-repository\org\springframework\boot\spring-boot-starter-logging\2.1.0.RELEASE\spring-boot-starter-logging-2.1.0.RELEASE.jar;D:\maven-repository\ch\qos\logback\logback-classic\1.2.3\logback-classic-1.2.3.jar;D:\maven-repository\ch\qos\logback\logback-core\1.2.3\logback-core-1.2.3.jar;D:\maven-repository\org\apache\logging\log4j\log4j-to-slf4j\2.11.1\log4j-to-slf4j-2.11.1.jar;D:\maven-repository\org\apache\logging\log4j\log4j-api\2.11.1\log4j-api-2.11.1.jar;D:\maven-repository\org\slf4j\jul-to-slf4j\1.7.25\jul-to-slf4j-1.7.25.jar;D:\maven-repository\org\yaml\snakeyaml\1.23\snakeyaml-1.23.jar;D:\maven-repository\org\springframework\boot\spring-boot-starter-json\2.1.0.RELEASE\spring-boot-starter-json-2.1.0.RELEASE.jar;D:\maven-repository\com\fasterxml\jackson\core\jackson-databind\2.9.7\jackson-databind-2.9.7.jar;D:\maven-repository\com\fasterxml\jackson\core\jackson-annotations\2.9.0\jackson-annotations-2.9.0.jar;D:\maven-repository\com\fasterxml\jackson\core\jackson-core\2.9.7\jackson-core-2.9.7.jar;D:\maven-repository\com\fasterxml\jackson\datatype\jackson-datatype-jdk8\2.9.7\jackson-datatype-jdk8-2.9.7.jar;D:\maven-repository\com\fasterxml\jackson\datatype\jackson-datatype-jsr310\2.9.7\jackson-datatype-jsr310-2.9.7.jar;D:\maven-repository\com\fasterxml\jackson\module\jackson-module-parameter-names\2.9.7\jackson-module-parameter-names-2.9.7.jar;D:\maven-repository\org\hibernate\validator\hibernate-validator\6.0.13.Final\hibernate-validator-6.0.13.Final.jar;D:\maven-repository\javax\validation\validation-api\2.0.1.Final\validation-api-2.0.1.Final.jar;D:\maven-repository\org\jboss\logging\jboss-logging\3.3.2.Final\jboss-logging-3.3.2.Final.jar;D:\maven-repository\com\fasterxml\classmate\1.4.0\classmate-1.4.0.jar;D:\maven-repository\org\springframework\spring-web\5.1.2.RELEASE\spring-web-5.1.2.RELEASE.jar;D:\maven-repository\org\springframework\spring-beans\5.1.2.RELEASE\spring-beans-5.1.2.RELEASE.jar;D:\maven-repository\org\springframework\spring-webmvc\5.1.2.RELEASE\spring-webmvc-5.1.2.RELEASE.jar;D:\maven-repository\org\springframework\spring-aop\5.1.2.RELEASE\spring-aop-5.1.2.RELEASE.jar;D:\maven-repository\org\springframework\spring-context\5.1.2.RELEASE\spring-context-5.1.2.RELEASE.jar;D:\maven-repository\org\springframework\spring-expression\5.1.2.RELEASE\spring-expression-5.1.2.RELEASE.jar;D:\maven-repository\org\springframework\boot\spring-boot-starter-test\2.1.0.RELEASE\spring-boot-starter-test-2.1.0.RELEASE.jar;D:\maven-repository\org\springframework\boot\spring-boot-test\2.1.0.RELEASE\spring-boot-test-2.1.0.RELEASE.jar;D:\maven-repository\org\springframework\boot\spring-boot-test-autoconfigure\2.1.0.RELEASE\spring-boot-test-autoconfigure-2.1.0.RELEASE.jar;D:\maven-repository\com\jayway\jsonpath\json-path\2.4.0\json-path-2.4.0.jar;D:\maven-repository\net\minidev\json-smart\2.3\json-smart-2.3.jar;D:\maven-repository\net\minidev\accessors-smart\1.2\accessors-smart-1.2.jar;D:\maven-repository\org\ow2\asm\asm\5.0.4\asm-5.0.4.jar;D:\maven-repository\junit\junit\4.12\junit-4.12.jar;D:\maven-repository\org\assertj\assertj-core\3.11.1\assertj-core-3.11.1.jar;D:\maven-repository\org\mockito\mockito-core\2.23.0\mockito-core-2.23.0.jar;D:\maven-repository\net\bytebuddy\byte-buddy\1.9.3\byte-buddy-1.9.3.jar;D:\maven-repository\net\bytebuddy\byte-buddy-agent\1.9.3\byte-buddy-agent-1.9.3.jar;D:\maven-repository\org\objenesis\objenesis\2.6\objenesis-2.6.jar;D:\maven-repository\org\hamcrest\hamcrest-core\1.3\hamcrest-core-1.3.jar;D:\maven-repository\org\hamcrest\hamcrest-library\1.3\hamcrest-library-1.3.jar;D:\maven-repository\org\skyscreamer\jsonassert\1.5.0\jsonassert-1.5.0.jar;D:\maven-repository\com\vaadin\external\google\android-json\0.0.20131108.vaadin1\android-json-0.0.20131108.vaadin1.jar;D:\maven-repository\org\springframework\spring-core\5.1.2.RELEASE\spring-core-5.1.2.RELEASE.jar;D:\maven-repository\org\springframework\spring-jcl\5.1.2.RELEASE\spring-jcl-5.1.2.RELEASE.jar;D:\maven-repository\org\springframework\spring-test\5.1.2.RELEASE\spring-test-5.1.2.RELEASE.jar;D:\maven-repository\org\xmlunit\xmlunit-core\2.6.2\xmlunit-core-2.6.2.jar;D:\maven-repository\org\springframework\boot\spring-boot-starter-tomcat\2.1.0.RELEASE\spring-boot-starter-tomcat-2.1.0.RELEASE.jar;D:\maven-repository\javax\annotation\javax.annotation-api\1.3.2\javax.annotation-api-1.3.2.jar;D:\maven-repository\org\apache\tomcat\embed\tomcat-embed-core\9.0.12\tomcat-embed-core-9.0.12.jar;D:\maven-repository\org\apache\tomcat\embed\tomcat-embed-el\9.0.12\tomcat-embed-el-9.0.12.jar;D:\maven-repository\org\apache\tomcat\embed\tomcat-embed-websocket\9.0.12\tomcat-embed-websocket-9.0.12.jar;D:\maven-repository\org\springframework\boot\spring-boot-devtools\2.1.0.RELEASE\spring-boot-devtools-2.1.0.RELEASE.jar;D:\maven-repository\org\springframework\boot\spring-boot\2.1.0.RELEASE\spring-boot-2.1.0.RELEASE.jar;D:\maven-repository\org\springframework\boot\spring-boot-autoconfigure\2.1.0.RELEASE\spring-boot-autoconfigure-2.1.0.RELEASE.jar;D:\maven-repository\org\springframework\boot\spring-boot-starter-thymeleaf\2.1.0.RELEASE\spring-boot-starter-thymeleaf-2.1.0.RELEASE.jar;D:\maven-repository\org\thymeleaf\thymeleaf-spring5\3.0.11.RELEASE\thymeleaf-spring5-3.0.11.RELEASE.jar;D:\maven-repository\org\thymeleaf\thymeleaf\3.0.11.RELEASE\thymeleaf-3.0.11.RELEASE.jar;D:\maven-repository\org\attoparser\attoparser\2.0.5.RELEASE\attoparser-2.0.5.RELEASE.jar;D:\maven-repository\org\unbescape\unbescape\1.1.6.RELEASE\unbescape-1.1.6.RELEASE.jar;D:\maven-repository\org\thymeleaf\extras\thymeleaf-extras-java8time\3.0.1.RELEASE\thymeleaf-extras-java8time-3.0.1.RELEASE.jar;D:\maven-repository\nekohtml\nekohtml\1.9.6.2\nekohtml-1.9.6.2.jar;D:\maven-repository\xerces\xercesImpl\2.8.1\xercesImpl-2.8.1.jar;D:\maven-repository\xml-apis\xml-apis\1.4.01\xml-apis-1.4.01.jar;D:\maven-repository\com\alibaba\druid-spring-boot-starter\1.1.10\druid-spring-boot-starter-1.1.10.jar;D:\maven-repository\com\alibaba\druid\1.1.10\druid-1.1.10.jar;D:\maven-repository\org\slf4j\slf4j-api\1.7.25\slf4j-api-1.7.25.jar;D:\maven-repository\tk\mybatis\mapper-spring-boot-starter\2.0.2\mapper-spring-boot-starter-2.0.2.jar;D:\maven-repository\org\springframework\boot\spring-boot-starter-jdbc\2.1.0.RELEASE\spring-boot-starter-jdbc-2.1.0.RELEASE.jar;D:\maven-repository\com\zaxxer\HikariCP\3.2.0\HikariCP-3.2.0.jar;D:\maven-repository\org\springframework\spring-jdbc\5.1.2.RELEASE\spring-jdbc-5.1.2.RELEASE.jar;D:\maven-repository\org\springframework\spring-tx\5.1.2.RELEASE\spring-tx-5.1.2.RELEASE.jar;D:\maven-repository\org\mybatis\mybatis\3.4.6\mybatis-3.4.6.jar;D:\maven-repository\org\mybatis\mybatis-spring\1.3.2\mybatis-spring-1.3.2.jar;D:\maven-repository\tk\mybatis\mapper-core\1.0.2\mapper-core-1.0.2.jar;D:\maven-repository\javax\persistence\persistence-api\1.0\persistence-api-1.0.jar;D:\maven-repository\tk\mybatis\mapper-base\1.0.1\mapper-base-1.0.1.jar;D:\maven-repository\tk\mybatis\mapper-weekend\1.1.3\mapper-weekend-1.1.3.jar;D:\maven-repository\tk\mybatis\mapper-spring\1.0.1\mapper-spring-1.0.1.jar;D:\maven-repository\tk\mybatis\mapper-extra\1.0.1\mapper-extra-1.0.1.jar;D:\maven-repository\tk\mybatis\mapper-spring-boot-autoconfigure\2.0.2\mapper-spring-boot-autoconfigure-2.0.2.jar;D:\maven-repository\com\github\pagehelper\pagehelper-spring-boot-starter\1.2.5\pagehelper-spring-boot-starter-1.2.5.jar;D:\maven-repository\org\mybatis\spring\boot\mybatis-spring-boot-starter\1.3.2\mybatis-spring-boot-starter-1.3.2.jar;D:\maven-repository\org\mybatis\spring\boot\mybatis-spring-boot-autoconfigure\1.3.2\mybatis-spring-boot-autoconfigure-1.3.2.jar;D:\maven-repository\com\github\pagehelper\pagehelper-spring-boot-autoconfigure\1.2.5\pagehelper-spring-boot-autoconfigure-1.2.5.jar;D:\maven-repository\com\github\pagehelper\pagehelper\5.1.4\pagehelper-5.1.4.jar;D:\maven-repository\com\github\jsqlparser\jsqlparser\1.0\jsqlparser-1.0.jar;D:\maven-repository\mysql\mysql-connector-java\8.0.13\mysql-connector-java-8.0.13.jar;D:\maven-repository\org\apache\commons\commons-lang3\3.8.1\commons-lang3-3.8.1.jar;D:\maven-repository\commons-codec\commons-codec\1.11\commons-codec-1.11.jar;D:\maven-repository\org\apache\shiro\shiro-spring\1.3.1\shiro-spring-1.3.1.jar;D:\maven-repository\org\apache\shiro\shiro-core\1.3.1\shiro-core-1.3.1.jar;D:\maven-repository\commons-beanutils\commons-beanutils\1.8.3\commons-beanutils-1.8.3.jar;D:\maven-repository\org\apache\shiro\shiro-web\1.3.1\shiro-web-1.3.1.jar;D:\maven-repository\org\apache\shiro\shiro-all\1.3.1\shiro-all-1.3.1.jar;D:\maven-repository\org\apache\shiro\shiro-guice\1.3.1\shiro-guice-1.3.1.jar;D:\maven-repository\com\google\inject\guice\3.0\guice-3.0.jar;D:\maven-repository\javax\inject\javax.inject\1\javax.inject-1.jar;D:\maven-repository\aopalliance\aopalliance\1.0\aopalliance-1.0.jar;D:\maven-repository\com\google\inject\extensions\guice-multibindings\3.0\guice-multibindings-3.0.jar;D:\maven-repository\org\apache\shiro\shiro-ehcache\1.2.6\shiro-ehcache-1.2.6.jar;D:\maven-repository\net\sf\ehcache\ehcache-core\2.5.0\ehcache-core-2.5.0.jar;D:\maven-repository\com\github\theborakompanioni\thymeleaf-extras-shiro\2.0.0\thymeleaf-extras-shiro-2.0.0.jar;D:\maven-repository\org\projectlombok\lombok\1.18.4\lombok-1.18.4.jar;D:\maven-repository\net\sourceforge\jexcelapi\jxl\2.6.12\jxl-2.6.12.jar;D:\maven-repository\log4j\log4j\1.2.14\log4j-1.2.14.jar;D:\maven-repository\org\apache\poi\poi\3.17\poi-3.17.jar;D:\maven-repository\org\apache\commons\commons-collections4\4.1\commons-collections4-4.1.jar;D:\maven-repository\org\apache\poi\poi-ooxml\3.17\poi-ooxml-3.17.jar;D:\maven-repository\org\apache\poi\poi-ooxml-schemas\3.17\poi-ooxml-schemas-3.17.jar;D:\maven-repository\org\apache\xmlbeans\xmlbeans\2.6.0\xmlbeans-2.6.0.jar;D:\maven-repository\stax\stax-api\1.0.1\stax-api-1.0.1.jar;D:\maven-repository\com\github\virtuald\curvesapi\1.04\curvesapi-1.04.jar;"/>
    <property name="java.vm.vendor" value="Oracle Corporation"/>
    <property name="sun.arch.data.model" value="64"/>
    <property name="user.variant" value=""/>
    <property name="java.vendor.url" value="http://java.oracle.com/"/>
    <property name="user.timezone" value="Asia/Shanghai"/>
    <property name="java.vm.specification.version" value="1.8"/>
    <property name="os.name" value="Windows 7"/>
    <property name="user.country" value="CN"/>
    <property name="sun.java.launcher" value="SUN_STANDARD"/>
    <property name="sun.boot.library.path" value="C:\Program Files\Java\jdk1.8.0_211\jre\bin"/>
    <property name="sun.java.command" value="C:\Users\ADMINI~1\AppData\Local\Temp\surefire8044970013421876459\surefirebooter2136109943455731054.jar C:\Users\Administrator\AppData\Local\Temp\surefire8044970013421876459 2019-06-17T17-07-55_659-jvmRun1 surefire3468918710664967623tmp surefire_02598798222569793758tmp"/>
    <property name="surefire.test.class.path" value="F:\Intellij IDEA-WorkSpace\springboot-layui-master\target\test-classes;F:\Intellij IDEA-WorkSpace\springboot-layui-master\target\classes;D:\maven-repository\org\springframework\boot\spring-boot-starter-web\2.1.0.RELEASE\spring-boot-starter-web-2.1.0.RELEASE.jar;D:\maven-repository\org\springframework\boot\spring-boot-starter\2.1.0.RELEASE\spring-boot-starter-2.1.0.RELEASE.jar;D:\maven-repository\org\springframework\boot\spring-boot-starter-logging\2.1.0.RELEASE\spring-boot-starter-logging-2.1.0.RELEASE.jar;D:\maven-repository\ch\qos\logback\logback-classic\1.2.3\logback-classic-1.2.3.jar;D:\maven-repository\ch\qos\logback\logback-core\1.2.3\logback-core-1.2.3.jar;D:\maven-repository\org\apache\logging\log4j\log4j-to-slf4j\2.11.1\log4j-to-slf4j-2.11.1.jar;D:\maven-repository\org\apache\logging\log4j\log4j-api\2.11.1\log4j-api-2.11.1.jar;D:\maven-repository\org\slf4j\jul-to-slf4j\1.7.25\jul-to-slf4j-1.7.25.jar;D:\maven-repository\org\yaml\snakeyaml\1.23\snakeyaml-1.23.jar;D:\maven-repository\org\springframework\boot\spring-boot-starter-json\2.1.0.RELEASE\spring-boot-starter-json-2.1.0.RELEASE.jar;D:\maven-repository\com\fasterxml\jackson\core\jackson-databind\2.9.7\jackson-databind-2.9.7.jar;D:\maven-repository\com\fasterxml\jackson\core\jackson-annotations\2.9.0\jackson-annotations-2.9.0.jar;D:\maven-repository\com\fasterxml\jackson\core\jackson-core\2.9.7\jackson-core-2.9.7.jar;D:\maven-repository\com\fasterxml\jackson\datatype\jackson-datatype-jdk8\2.9.7\jackson-datatype-jdk8-2.9.7.jar;D:\maven-repository\com\fasterxml\jackson\datatype\jackson-datatype-jsr310\2.9.7\jackson-datatype-jsr310-2.9.7.jar;D:\maven-repository\com\fasterxml\jackson\module\jackson-module-parameter-names\2.9.7\jackson-module-parameter-names-2.9.7.jar;D:\maven-repository\org\hibernate\validator\hibernate-validator\6.0.13.Final\hibernate-validator-6.0.13.Final.jar;D:\maven-repository\javax\validation\validation-api\2.0.1.Final\validation-api-2.0.1.Final.jar;D:\maven-repository\org\jboss\logging\jboss-logging\3.3.2.Final\jboss-logging-3.3.2.Final.jar;D:\maven-repository\com\fasterxml\classmate\1.4.0\classmate-1.4.0.jar;D:\maven-repository\org\springframework\spring-web\5.1.2.RELEASE\spring-web-5.1.2.RELEASE.jar;D:\maven-repository\org\springframework\spring-beans\5.1.2.RELEASE\spring-beans-5.1.2.RELEASE.jar;D:\maven-repository\org\springframework\spring-webmvc\5.1.2.RELEASE\spring-webmvc-5.1.2.RELEASE.jar;D:\maven-repository\org\springframework\spring-aop\5.1.2.RELEASE\spring-aop-5.1.2.RELEASE.jar;D:\maven-repository\org\springframework\spring-context\5.1.2.RELEASE\spring-context-5.1.2.RELEASE.jar;D:\maven-repository\org\springframework\spring-expression\5.1.2.RELEASE\spring-expression-5.1.2.RELEASE.jar;D:\maven-repository\org\springframework\boot\spring-boot-starter-test\2.1.0.RELEASE\spring-boot-starter-test-2.1.0.RELEASE.jar;D:\maven-repository\org\springframework\boot\spring-boot-test\2.1.0.RELEASE\spring-boot-test-2.1.0.RELEASE.jar;D:\maven-repository\org\springframework\boot\spring-boot-test-autoconfigure\2.1.0.RELEASE\spring-boot-test-autoconfigure-2.1.0.RELEASE.jar;D:\maven-repository\com\jayway\jsonpath\json-path\2.4.0\json-path-2.4.0.jar;D:\maven-repository\net\minidev\json-smart\2.3\json-smart-2.3.jar;D:\maven-repository\net\minidev\accessors-smart\1.2\accessors-smart-1.2.jar;D:\maven-repository\org\ow2\asm\asm\5.0.4\asm-5.0.4.jar;D:\maven-repository\junit\junit\4.12\junit-4.12.jar;D:\maven-repository\org\assertj\assertj-core\3.11.1\assertj-core-3.11.1.jar;D:\maven-repository\org\mockito\mockito-core\2.23.0\mockito-core-2.23.0.jar;D:\maven-repository\net\bytebuddy\byte-buddy\1.9.3\byte-buddy-1.9.3.jar;D:\maven-repository\net\bytebuddy\byte-buddy-agent\1.9.3\byte-buddy-agent-1.9.3.jar;D:\maven-repository\org\objenesis\objenesis\2.6\objenesis-2.6.jar;D:\maven-repository\org\hamcrest\hamcrest-core\1.3\hamcrest-core-1.3.jar;D:\maven-repository\org\hamcrest\hamcrest-library\1.3\hamcrest-library-1.3.jar;D:\maven-repository\org\skyscreamer\jsonassert\1.5.0\jsonassert-1.5.0.jar;D:\maven-repository\com\vaadin\external\google\android-json\0.0.20131108.vaadin1\android-json-0.0.20131108.vaadin1.jar;D:\maven-repository\org\springframework\spring-core\5.1.2.RELEASE\spring-core-5.1.2.RELEASE.jar;D:\maven-repository\org\springframework\spring-jcl\5.1.2.RELEASE\spring-jcl-5.1.2.RELEASE.jar;D:\maven-repository\org\springframework\spring-test\5.1.2.RELEASE\spring-test-5.1.2.RELEASE.jar;D:\maven-repository\org\xmlunit\xmlunit-core\2.6.2\xmlunit-core-2.6.2.jar;D:\maven-repository\org\springframework\boot\spring-boot-starter-tomcat\2.1.0.RELEASE\spring-boot-starter-tomcat-2.1.0.RELEASE.jar;D:\maven-repository\javax\annotation\javax.annotation-api\1.3.2\javax.annotation-api-1.3.2.jar;D:\maven-repository\org\apache\tomcat\embed\tomcat-embed-core\9.0.12\tomcat-embed-core-9.0.12.jar;D:\maven-repository\org\apache\tomcat\embed\tomcat-embed-el\9.0.12\tomcat-embed-el-9.0.12.jar;D:\maven-repository\org\apache\tomcat\embed\tomcat-embed-websocket\9.0.12\tomcat-embed-websocket-9.0.12.jar;D:\maven-repository\org\springframework\boot\spring-boot-devtools\2.1.0.RELEASE\spring-boot-devtools-2.1.0.RELEASE.jar;D:\maven-repository\org\springframework\boot\spring-boot\2.1.0.RELEASE\spring-boot-2.1.0.RELEASE.jar;D:\maven-repository\org\springframework\boot\spring-boot-autoconfigure\2.1.0.RELEASE\spring-boot-autoconfigure-2.1.0.RELEASE.jar;D:\maven-repository\org\springframework\boot\spring-boot-starter-thymeleaf\2.1.0.RELEASE\spring-boot-starter-thymeleaf-2.1.0.RELEASE.jar;D:\maven-repository\org\thymeleaf\thymeleaf-spring5\3.0.11.RELEASE\thymeleaf-spring5-3.0.11.RELEASE.jar;D:\maven-repository\org\thymeleaf\thymeleaf\3.0.11.RELEASE\thymeleaf-3.0.11.RELEASE.jar;D:\maven-repository\org\attoparser\attoparser\2.0.5.RELEASE\attoparser-2.0.5.RELEASE.jar;D:\maven-repository\org\unbescape\unbescape\1.1.6.RELEASE\unbescape-1.1.6.RELEASE.jar;D:\maven-repository\org\thymeleaf\extras\thymeleaf-extras-java8time\3.0.1.RELEASE\thymeleaf-extras-java8time-3.0.1.RELEASE.jar;D:\maven-repository\nekohtml\nekohtml\1.9.6.2\nekohtml-1.9.6.2.jar;D:\maven-repository\xerces\xercesImpl\2.8.1\xercesImpl-2.8.1.jar;D:\maven-repository\xml-apis\xml-apis\1.4.01\xml-apis-1.4.01.jar;D:\maven-repository\com\alibaba\druid-spring-boot-starter\1.1.10\druid-spring-boot-starter-1.1.10.jar;D:\maven-repository\com\alibaba\druid\1.1.10\druid-1.1.10.jar;D:\maven-repository\org\slf4j\slf4j-api\1.7.25\slf4j-api-1.7.25.jar;D:\maven-repository\tk\mybatis\mapper-spring-boot-starter\2.0.2\mapper-spring-boot-starter-2.0.2.jar;D:\maven-repository\org\springframework\boot\spring-boot-starter-jdbc\2.1.0.RELEASE\spring-boot-starter-jdbc-2.1.0.RELEASE.jar;D:\maven-repository\com\zaxxer\HikariCP\3.2.0\HikariCP-3.2.0.jar;D:\maven-repository\org\springframework\spring-jdbc\5.1.2.RELEASE\spring-jdbc-5.1.2.RELEASE.jar;D:\maven-repository\org\springframework\spring-tx\5.1.2.RELEASE\spring-tx-5.1.2.RELEASE.jar;D:\maven-repository\org\mybatis\mybatis\3.4.6\mybatis-3.4.6.jar;D:\maven-repository\org\mybatis\mybatis-spring\1.3.2\mybatis-spring-1.3.2.jar;D:\maven-repository\tk\mybatis\mapper-core\1.0.2\mapper-core-1.0.2.jar;D:\maven-repository\javax\persistence\persistence-api\1.0\persistence-api-1.0.jar;D:\maven-repository\tk\mybatis\mapper-base\1.0.1\mapper-base-1.0.1.jar;D:\maven-repository\tk\mybatis\mapper-weekend\1.1.3\mapper-weekend-1.1.3.jar;D:\maven-repository\tk\mybatis\mapper-spring\1.0.1\mapper-spring-1.0.1.jar;D:\maven-repository\tk\mybatis\mapper-extra\1.0.1\mapper-extra-1.0.1.jar;D:\maven-repository\tk\mybatis\mapper-spring-boot-autoconfigure\2.0.2\mapper-spring-boot-autoconfigure-2.0.2.jar;D:\maven-repository\com\github\pagehelper\pagehelper-spring-boot-starter\1.2.5\pagehelper-spring-boot-starter-1.2.5.jar;D:\maven-repository\org\mybatis\spring\boot\mybatis-spring-boot-starter\1.3.2\mybatis-spring-boot-starter-1.3.2.jar;D:\maven-repository\org\mybatis\spring\boot\mybatis-spring-boot-autoconfigure\1.3.2\mybatis-spring-boot-autoconfigure-1.3.2.jar;D:\maven-repository\com\github\pagehelper\pagehelper-spring-boot-autoconfigure\1.2.5\pagehelper-spring-boot-autoconfigure-1.2.5.jar;D:\maven-repository\com\github\pagehelper\pagehelper\5.1.4\pagehelper-5.1.4.jar;D:\maven-repository\com\github\jsqlparser\jsqlparser\1.0\jsqlparser-1.0.jar;D:\maven-repository\mysql\mysql-connector-java\8.0.13\mysql-connector-java-8.0.13.jar;D:\maven-repository\org\apache\commons\commons-lang3\3.8.1\commons-lang3-3.8.1.jar;D:\maven-repository\commons-codec\commons-codec\1.11\commons-codec-1.11.jar;D:\maven-repository\org\apache\shiro\shiro-spring\1.3.1\shiro-spring-1.3.1.jar;D:\maven-repository\org\apache\shiro\shiro-core\1.3.1\shiro-core-1.3.1.jar;D:\maven-repository\commons-beanutils\commons-beanutils\1.8.3\commons-beanutils-1.8.3.jar;D:\maven-repository\org\apache\shiro\shiro-web\1.3.1\shiro-web-1.3.1.jar;D:\maven-repository\org\apache\shiro\shiro-all\1.3.1\shiro-all-1.3.1.jar;D:\maven-repository\org\apache\shiro\shiro-guice\1.3.1\shiro-guice-1.3.1.jar;D:\maven-repository\com\google\inject\guice\3.0\guice-3.0.jar;D:\maven-repository\javax\inject\javax.inject\1\javax.inject-1.jar;D:\maven-repository\aopalliance\aopalliance\1.0\aopalliance-1.0.jar;D:\maven-repository\com\google\inject\extensions\guice-multibindings\3.0\guice-multibindings-3.0.jar;D:\maven-repository\org\apache\shiro\shiro-ehcache\1.2.6\shiro-ehcache-1.2.6.jar;D:\maven-repository\net\sf\ehcache\ehcache-core\2.5.0\ehcache-core-2.5.0.jar;D:\maven-repository\com\github\theborakompanioni\thymeleaf-extras-shiro\2.0.0\thymeleaf-extras-shiro-2.0.0.jar;D:\maven-repository\org\projectlombok\lombok\1.18.4\lombok-1.18.4.jar;D:\maven-repository\net\sourceforge\jexcelapi\jxl\2.6.12\jxl-2.6.12.jar;D:\maven-repository\log4j\log4j\1.2.14\log4j-1.2.14.jar;D:\maven-repository\org\apache\poi\poi\3.17\poi-3.17.jar;D:\maven-repository\org\apache\commons\commons-collections4\4.1\commons-collections4-4.1.jar;D:\maven-repository\org\apache\poi\poi-ooxml\3.17\poi-ooxml-3.17.jar;D:\maven-repository\org\apache\poi\poi-ooxml-schemas\3.17\poi-ooxml-schemas-3.17.jar;D:\maven-repository\org\apache\xmlbeans\xmlbeans\2.6.0\xmlbeans-2.6.0.jar;D:\maven-repository\stax\stax-api\1.0.1\stax-api-1.0.1.jar;D:\maven-repository\com\github\virtuald\curvesapi\1.04\curvesapi-1.04.jar;"/>
    <property name="sun.cpu.endian" value="little"/>
    <property name="user.home" value="C:\Users\Administrator"/>
    <property name="user.language" value="zh"/>
    <property name="java.specification.vendor" value="Oracle Corporation"/>
    <property name="java.home" value="C:\Program Files\Java\jdk1.8.0_211\jre"/>
    <property name="basedir" value="F:\Intellij IDEA-WorkSpace\springboot-layui-master"/>
    <property name="file.separator" value="\"/>
    <property name="line.separator" value="&#10;"/>
    <property name="java.vm.specification.vendor" value="Oracle Corporation"/>
    <property name="java.specification.name" value="Java Platform API Specification"/>
    <property name="java.awt.graphicsenv" value="sun.awt.Win32GraphicsEnvironment"/>
    <property name="surefire.real.class.path" value="C:\Users\ADMINI~1\AppData\Local\Temp\surefire8044970013421876459\surefirebooter2136109943455731054.jar"/>
    <property name="sun.boot.class.path" value="C:\Program Files\Java\jdk1.8.0_211\jre\lib\resources.jar;C:\Program Files\Java\jdk1.8.0_211\jre\lib\rt.jar;C:\Program Files\Java\jdk1.8.0_211\jre\lib\sunrsasign.jar;C:\Program Files\Java\jdk1.8.0_211\jre\lib\jsse.jar;C:\Program Files\Java\jdk1.8.0_211\jre\lib\jce.jar;C:\Program Files\Java\jdk1.8.0_211\jre\lib\charsets.jar;C:\Program Files\Java\jdk1.8.0_211\jre\lib\jfr.jar;C:\Program Files\Java\jdk1.8.0_211\jre\classes"/>
    <property name="user.script" value=""/>
    <property name="sun.management.compiler" value="HotSpot 64-Bit Tiered Compilers"/>
    <property name="java.runtime.version" value="1.8.0_211-b12"/>
    <property name="user.name" value="Administrator"/>
    <property name="path.separator" value=";"/>
    <property name="os.version" value="6.1"/>
    <property name="java.endorsed.dirs" value="C:\Program Files\Java\jdk1.8.0_211\jre\lib\endorsed"/>
    <property name="java.runtime.name" value="Java(TM) SE Runtime Environment"/>
    <property name="file.encoding" value="GBK"/>
    <property name="java.vm.name" value="Java HotSpot(TM) 64-Bit Server VM"/>
    <property name="localRepository" value="D:\maven-repository"/>
    <property name="java.vendor.url.bug" value="http://bugreport.sun.com/bugreport/"/>
    <property name="java.io.tmpdir" value="C:\Users\ADMINI~1\AppData\Local\Temp\"/>
    <property name="java.version" value="1.8.0_211"/>
    <property name="user.dir" value="F:\Intellij IDEA-WorkSpace\springboot-layui-master"/>
    <property name="os.arch" value="amd64"/>
    <property name="java.vm.specification.name" value="Java Virtual Machine Specification"/>
    <property name="java.awt.printerjob" value="sun.awt.windows.WPrinterJob"/>
    <property name="idea.version2019.1.2" value="true"/>
    <property name="sun.os.patch.level" value="Service Pack 1"/>
    <property name="java.library.path" value="C:\Program Files\Java\jdk1.8.0_211\jre\bin;C:\Windows\Sun\Java\bin;C:\Windows\system32;C:\Windows;C:\Program Files (x86)\Common Files\Oracle\Java\javapath;C:\Windows\system32;C:\Windows;C:\Windows\System32\Wbem;C:\Windows\System32\WindowsPowerShell\v1.0\;C:\Program Files\Java\jdk1.8.0_211\bin;C:\Program Files\Java\jdk1.8.0_211\jre\bin;D:\apache-maven-3.6.1\bin\;."/>
    <property name="java.vm.info" value="mixed mode"/>
    <property name="java.vendor" value="Oracle Corporation"/>
    <property name="java.vm.version" value="25.211-b12"/>
    <property name="java.ext.dirs" value="C:\Program Files\Java\jdk1.8.0_211\jre\lib\ext;C:\Windows\Sun\Java\lib\ext"/>
    <property name="sun.io.unicode.encoding" value="UnicodeLittle"/>
    <property name="java.class.version" value="52.0"/>
  </properties>
  <testcase name="readExcel" classname="com.kewei.ManagerApplicationTests" time="1.625"/>
  <testcase name="contextLoads" classname="com.kewei.ManagerApplicationTests" time="0.002"/>
  <testcase name="setExcel" classname="com.kewei.ManagerApplicationTests" time="1.617"/>
  <testcase name="getExcel" classname="com.kewei.ManagerApplicationTests" time="0.023"/>
</testsuite>